<?xml version="1.0" encoding="UTF-8"?>
<testng-results skipped="0" failed="0" ignored="0" total="2" passed="2">
  <reporter-output>
  </reporter-output>
  <suite name="Suite" duration-ms="24870" started-at="2017-09-19T03:14:58Z" finished-at="2017-09-19T03:15:23Z">
    <groups>
    </groups>
    <test name="Test" duration-ms="24870" started-at="2017-09-19T03:14:58Z" finished-at="2017-09-19T03:15:23Z">
      <class name="executionEngine.DriverScriptTest">
        <test-method status="PASS" signature="Initialize()[pri:0, instance:executionEngine.DriverScriptTest@2a40cd94]" name="Initialize" duration-ms="24823" started-at="2017-09-18T23:14:58Z" finished-at="2017-09-18T23:15:23Z">
          <reporter-output>
          </reporter-output>
        </test-method> <!-- Initialize -->
        <test-method status="PASS" signature="execute_Actions()[pri:0, instance:executionEngine.DriverScriptTest@2a40cd94]" name="execute_Actions" duration-ms="2" started-at="2017-09-18T23:15:23Z" finished-at="2017-09-18T23:15:23Z">
          <reporter-output>
          </reporter-output>
        </test-method> <!-- execute_Actions -->
      </class> <!-- executionEngine.DriverScriptTest -->
    </test> <!-- Test -->
  </suite> <!-- Suite -->
</testng-results>
