<?xml version="1.0" encoding="UTF-8"?>
<testng-results skipped="0" failed="0" ignored="0" total="1" passed="1">
  <reporter-output>
  </reporter-output>
  <suite name="Suite" duration-ms="17693" started-at="2017-10-05T01:21:44Z" finished-at="2017-10-05T01:22:02Z">
    <groups>
    </groups>
    <test name="Test" duration-ms="17693" started-at="2017-10-05T01:21:44Z" finished-at="2017-10-05T01:22:02Z">
      <class name="executionEngine.DriverScriptTest">
        <test-method status="PASS" signature="Initialize()[pri:0, instance:executionEngine.DriverScriptTest@49c386c8]" name="Initialize" duration-ms="17672" started-at="2017-10-04T21:21:44Z" finished-at="2017-10-04T21:22:02Z">
          <reporter-output>
          </reporter-output>
        </test-method> <!-- Initialize -->
      </class> <!-- executionEngine.DriverScriptTest -->
    </test> <!-- Test -->
  </suite> <!-- Suite -->
</testng-results>
