<?xml version="1.0" encoding="UTF-8"?>
<testng-results skipped="0" failed="0" ignored="0" total="1" passed="1">
  <reporter-output>
  </reporter-output>
  <suite name="Default suite" duration-ms="20180" started-at="2017-10-04T01:29:37Z" finished-at="2017-10-04T01:29:57Z">
    <groups>
    </groups>
    <test name="Default test" duration-ms="20180" started-at="2017-10-04T01:29:37Z" finished-at="2017-10-04T01:29:57Z">
      <class name="executionEngine.DriverScriptTest">
        <test-method status="PASS" signature="Initialize()[pri:0, instance:executionEngine.DriverScriptTest@21507a04]" name="Initialize" duration-ms="20145" started-at="2017-10-03T21:29:37Z" finished-at="2017-10-03T21:29:57Z">
          <reporter-output>
          </reporter-output>
        </test-method> <!-- Initialize -->
      </class> <!-- executionEngine.DriverScriptTest -->
    </test> <!-- Default test -->
  </suite> <!-- Default suite -->
</testng-results>
