<?xml version="1.0" encoding="UTF-8"?>
<testng-results skipped="0" failed="0" ignored="0" total="2" passed="2">
  <reporter-output>
  </reporter-output>
  <suite name="Default suite" duration-ms="26530" started-at="2017-09-22T04:18:33Z" finished-at="2017-09-22T04:19:00Z">
    <groups>
    </groups>
    <test name="Default test" duration-ms="26530" started-at="2017-09-22T04:18:33Z" finished-at="2017-09-22T04:19:00Z">
      <class name="executionEngine.DriverScriptTest">
        <test-method status="PASS" signature="Initialize()[pri:0, instance:executionEngine.DriverScriptTest@4a87761d]" name="Initialize" duration-ms="26499" started-at="2017-09-22T00:18:33Z" finished-at="2017-09-22T00:19:00Z">
          <reporter-output>
          </reporter-output>
        </test-method> <!-- Initialize -->
        <test-method status="PASS" signature="execute_Actions()[pri:0, instance:executionEngine.DriverScriptTest@4a87761d]" name="execute_Actions" duration-ms="0" started-at="2017-09-22T00:19:00Z" finished-at="2017-09-22T00:19:00Z">
          <reporter-output>
          </reporter-output>
        </test-method> <!-- execute_Actions -->
      </class> <!-- executionEngine.DriverScriptTest -->
    </test> <!-- Default test -->
  </suite> <!-- Default suite -->
</testng-results>
