<?xml version="1.0" encoding="UTF-8"?>
<testng-results skipped="0" failed="0" ignored="0" total="1" passed="1">
  <reporter-output>
  </reporter-output>
  <suite name="Suite" duration-ms="35887" started-at="2017-09-29T04:39:48Z" finished-at="2017-09-29T04:40:24Z">
    <groups>
    </groups>
    <test name="Test" duration-ms="35887" started-at="2017-09-29T04:39:48Z" finished-at="2017-09-29T04:40:24Z">
      <class name="executionEngine.DriverScriptTest">
        <test-method status="PASS" signature="Initialize()[pri:0, instance:executionEngine.DriverScriptTest@46238e3f]" name="Initialize" duration-ms="35860" started-at="2017-09-29T00:39:48Z" finished-at="2017-09-29T00:40:24Z">
          <reporter-output>
          </reporter-output>
        </test-method> <!-- Initialize -->
      </class> <!-- executionEngine.DriverScriptTest -->
    </test> <!-- Test -->
  </suite> <!-- Suite -->
</testng-results>
