<?xml version="1.0" encoding="UTF-8"?>
<!-- Generated by org.testng.reporters.JUnitReportReporter -->
<testsuite skipped="0" hostname="LAPTOP-OUROT4H1" name="executionEngine.MultiBrowser" tests="2" failures="0" timestamp="29 Sep 2017 03:07:13 GMT" time="5.503" errors="0">
  <testcase name="multiBrowser" time="3.881" classname="executionEngine.MultiBrowser"/>
  <testcase name="multiBrowser" time="1.622" classname="executionEngine.MultiBrowser"/>
</testsuite> <!-- executionEngine.MultiBrowser -->
