<?xml version="1.0" encoding="UTF-8"?>
<!-- Generated by org.testng.reporters.JUnitXMLReporter -->
<testsuite hostname="LAPTOP-OUROT4H1" ignored="0" name="IE Test" tests="3" failures="3" timestamp="29 Sep 2017 03:49:01 GMT" time="0.582" errors="0">
  <testcase name="Initialize" time="0.278" classname="executionEngine.DriverScriptTest">
    <failure type="java.lang.reflect.InvocationTargetException">
      <![CDATA[java.lang.reflect.InvocationTargetException
	at executionEngine.DriverScriptTest.execute_Actions(DriverScriptTest.java:190)
	at executionEngine.DriverScriptTest.execute_TestCase(DriverScriptTest.java:123)
	at executionEngine.DriverScriptTest.Initialize(DriverScriptTest.java:89)
Caused by: java.lang.NullPointerException
	at config.ActionKeywords.verifyElement(ActionKeywords.java:187)
	... 32 more
... Removed 29 stack frames]]>
    </failure>
  </testcase> <!-- Initialize -->
  <testcase name="execute_Actions" time="0.004" classname="executionEngine.DriverScriptTest">
    <failure type="java.lang.reflect.InvocationTargetException">
      <![CDATA[java.lang.reflect.InvocationTargetException
	at executionEngine.DriverScriptTest.execute_Actions(DriverScriptTest.java:190)
Caused by: java.lang.NullPointerException
	at config.ActionKeywords.verifyElement(ActionKeywords.java:187)
	... 30 more
... Removed 29 stack frames]]>
    </failure>
  </testcase> <!-- execute_Actions -->
  <testcase name="execute_TestCase" time="0.254" classname="executionEngine.DriverScriptTest">
    <failure type="java.lang.reflect.InvocationTargetException">
      <![CDATA[java.lang.reflect.InvocationTargetException
	at executionEngine.DriverScriptTest.execute_Actions(DriverScriptTest.java:190)
	at executionEngine.DriverScriptTest.execute_TestCase(DriverScriptTest.java:123)
Caused by: java.lang.NullPointerException
	at config.ActionKeywords.verifyElement(ActionKeywords.java:187)
	... 31 more
... Removed 29 stack frames]]>
    </failure>
  </testcase> <!-- execute_TestCase -->
</testsuite> <!-- IE Test -->
