<?xml version="1.0" encoding="UTF-8"?>
<!-- Generated by org.testng.reporters.JUnitXMLReporter -->
<testsuite hostname="LAPTOP-OUROT4H1" ignored="0" name="Default test" tests="3" failures="0" timestamp="19 Sep 2017 01:21:16 GMT" time="50.795" errors="0">
  <testcase name="Initialize" time="25.994" classname="executionEngine.DriverScriptTest"/>
  <testcase name="execute_Actions" time="0.059" classname="executionEngine.DriverScriptTest"/>
  <testcase name="execute_TestCase" time="24.705" classname="executionEngine.DriverScriptTest"/>
</testsuite> <!-- Default test -->
